        -:    0:Source:dominion.c
        -:    0:Graph:dominion.gcno
        -:    0:Data:dominion.gcda
        -:    0:Runs:3
        -:    0:Programs:3
        -:    1:#include "dominion.h"
        -:    2:#include "dominion_helpers.h"
        -:    3:#include "rngs.h"
        -:    4:#include <stdio.h>
        -:    5:#include <math.h>
        -:    6:#include <stdlib.h>
        -:    7:
     3030:    8:int compare(const void* a, const void* b) {
     3030:    9:  if (*(int*)a > *(int*)b)
    #####:   10:    return 1;
     3030:   11:  if (*(int*)a < *(int*)b)
      808:   12:    return -1;
     2222:   13:  return 0;
        -:   14:}
        -:   15:
    #####:   16:struct gameState* newGame() {
    #####:   17:  struct gameState* g = malloc(sizeof(struct gameState));
    #####:   18:  return g;
        -:   19:}
        -:   20:
    #####:   21:int* kingdomCards(int k1, int k2, int k3, int k4, int k5, int k6, int k7,
        -:   22:		  int k8, int k9, int k10) {
    #####:   23:  int* k = malloc(10 * sizeof(int));
    #####:   24:  k[0] = k1;
    #####:   25:  k[1] = k2;
    #####:   26:  k[2] = k3;
    #####:   27:  k[3] = k4;
    #####:   28:  k[4] = k5;
    #####:   29:  k[5] = k6;
    #####:   30:  k[6] = k7;
    #####:   31:  k[7] = k8;
    #####:   32:  k[8] = k9;
    #####:   33:  k[9] = k10;
    #####:   34:  return k;
        -:   35:}
        -:   36:
      201:   37:int initializeGame(int numPlayers, int kingdomCards[10], int randomSeed,
        -:   38:		   struct gameState *state) {
        -:   39:
        -:   40:  int i;
        -:   41:  int j;
        -:   42:  int it;			
        -:   43:  //set up random number generator
      201:   44:  SelectStream(1);
      201:   45:  PutSeed((long)randomSeed);
        -:   46:  
        -:   47:  //check number of players
      201:   48:  if (numPlayers > MAX_PLAYERS || numPlayers < 2)
        -:   49:    {
      100:   50:      return -1;
        -:   51:    }
        -:   52:
        -:   53:  //set number of players
      101:   54:  state->numPlayers = numPlayers;
        -:   55:
        -:   56:  //check selected kingdom cards are different
     1111:   57:  for (i = 0; i < 10; i++)
        -:   58:    {
    11110:   59:      for (j = 0; j < 10; j++)
        -:   60:        {
    10100:   61:	  if (j != i && kingdomCards[j] == kingdomCards[i])
        -:   62:	    {
    #####:   63:	      return -1;
        -:   64:	    }
        -:   65:        }
        -:   66:    }
        -:   67:
        -:   68:
        -:   69:  //initialize supply
        -:   70:  ///////////////////////////////
        -:   71:
        -:   72:  //set number of Curse cards
      101:   73:  if (numPlayers == 2)
        -:   74:    {
      101:   75:      state->supplyCount[curse] = 10;
        -:   76:    }
    #####:   77:  else if (numPlayers == 3)
        -:   78:    {
    #####:   79:      state->supplyCount[curse] = 20;
        -:   80:    }
        -:   81:  else
        -:   82:    {
    #####:   83:      state->supplyCount[curse] = 30;
        -:   84:    }
        -:   85:
        -:   86:  //set number of Victory cards
      101:   87:  if (numPlayers == 2)
        -:   88:    {
      101:   89:      state->supplyCount[estate] = 8;
      101:   90:      state->supplyCount[duchy] = 8;
      101:   91:      state->supplyCount[province] = 8;
        -:   92:    }
        -:   93:  else
        -:   94:    {
    #####:   95:      state->supplyCount[estate] = 12;
    #####:   96:      state->supplyCount[duchy] = 12;
    #####:   97:      state->supplyCount[province] = 12;
        -:   98:    }
        -:   99:
        -:  100:  //set number of Treasure cards
      101:  101:  state->supplyCount[copper] = 60 - (7 * numPlayers);
      101:  102:  state->supplyCount[silver] = 40;
      101:  103:  state->supplyCount[gold] = 30;
        -:  104:
        -:  105:  //set number of Kingdom cards
     2121:  106:  for (i = adventurer; i <= treasure_map; i++)       	//loop all cards
        -:  107:    {
    16665:  108:      for (j = 0; j < 10; j++)           		//loop chosen cards
        -:  109:	{
    15655:  110:	  if (kingdomCards[j] == i)
        -:  111:	    {
        -:  112:	      //check if card is a 'Victory' Kingdom card
     1010:  113:	      if (kingdomCards[j] == great_hall || kingdomCards[j] == gardens)
        -:  114:		{
      202:  115:		  if (numPlayers == 2){ 
      101:  116:		    state->supplyCount[i] = 8; 
        -:  117:		  }
    #####:  118:		  else{ state->supplyCount[i] = 12; }
        -:  119:		}
        -:  120:	      else
        -:  121:		{
      909:  122:		  state->supplyCount[i] = 10;
        -:  123:		}
     1010:  124:	      break;
        -:  125:	    }
        -:  126:	  else    //card is not in the set choosen for the game
        -:  127:	    {
    14645:  128:	      state->supplyCount[i] = -1;
        -:  129:	    }
        -:  130:	}
        -:  131:
        -:  132:    }
        -:  133:
        -:  134:  ////////////////////////
        -:  135:  //supply intilization complete
        -:  136:
        -:  137:  //set player decks
      303:  138:  for (i = 0; i < numPlayers; i++)
        -:  139:    {
      202:  140:      state->deckCount[i] = 0;
      808:  141:      for (j = 0; j < 3; j++)
        -:  142:	{
      606:  143:	  state->deck[i][j] = estate;
      606:  144:	  state->deckCount[i]++;
        -:  145:	}
     1616:  146:      for (j = 3; j < 10; j++)
        -:  147:	{
     1414:  148:	  state->deck[i][j] = copper;
     1414:  149:	  state->deckCount[i]++;		
        -:  150:	}
        -:  151:    }
        -:  152:
        -:  153:  //shuffle player decks
      303:  154:  for (i = 0; i < numPlayers; i++)
        -:  155:    {
      202:  156:      if ( shuffle(i, state) < 0 )
        -:  157:	{
    #####:  158:	  return -1;
        -:  159:	}
        -:  160:    }
        -:  161:
        -:  162:  //draw player hands
      303:  163:  for (i = 0; i < numPlayers; i++)
        -:  164:    {  
        -:  165:      //initialize hand size to zero
      202:  166:      state->handCount[i] = 0;
      202:  167:      state->discardCount[i] = 0;
        -:  168:      //draw 5 cards
        -:  169:      // for (j = 0; j < 5; j++)
        -:  170:      //	{
        -:  171:      //	  drawCard(i, state);
        -:  172:      //	}
        -:  173:    }
        -:  174:  
        -:  175:  //set embargo tokens to 0 for all supply piles
     2828:  176:  for (i = 0; i <= treasure_map; i++)
        -:  177:    {
     2727:  178:      state->embargoTokens[i] = 0;
        -:  179:    }
        -:  180:
        -:  181:  //initialize first player's turn
      101:  182:  state->outpostPlayed = 0;
      101:  183:  state->phase = 0;
      101:  184:  state->numActions = 1;
      101:  185:  state->numBuys = 1;
      101:  186:  state->playedCardCount = 0;
      101:  187:  state->whoseTurn = 0;
      101:  188:  state->handCount[state->whoseTurn] = 0;
        -:  189:  //int it; move to top
        -:  190:
        -:  191:  //Moved draw cards to here, only drawing at the start of a turn
      606:  192:  for (it = 0; it < 5; it++){
      505:  193:    drawCard(state->whoseTurn, state);
        -:  194:  }
        -:  195:
      101:  196:  updateCoins(state->whoseTurn, state, 0);
        -:  197:
      101:  198:  return 0;
        -:  199:}
        -:  200:
      687:  201:int shuffle(int player, struct gameState *state) {
        -:  202: 
        -:  203:
        -:  204:  int newDeck[MAX_DECK];
      687:  205:  int newDeckPos = 0;
        -:  206:  int card;
        -:  207:  int i;
        -:  208:
      687:  209:  if (state->deckCount[player] < 1)
      485:  210:    return -1;
      202:  211:  qsort ((void*)(state->deck[player]), state->deckCount[player], sizeof(int), compare); 
        -:  212:  /* SORT CARDS IN DECK TO ENSURE DETERMINISM! */
        -:  213:
     2424:  214:  while (state->deckCount[player] > 0) {
     2020:  215:    card = floor(Random() * state->deckCount[player]);
     2020:  216:    newDeck[newDeckPos] = state->deck[player][card];
     2020:  217:    newDeckPos++;
     6615:  218:    for (i = card; i < state->deckCount[player]-1; i++) {
     4595:  219:      state->deck[player][i] = state->deck[player][i+1];
        -:  220:    }
     2020:  221:    state->deckCount[player]--;
        -:  222:  }
     2222:  223:  for (i = 0; i < newDeckPos; i++) {
     2020:  224:    state->deck[player][i] = newDeck[i];
     2020:  225:    state->deckCount[player]++;
        -:  226:  }
        -:  227:
      202:  228:  return 0;
        -:  229:}
        -:  230:
    #####:  231:int playCard(int handPos, int choice1, int choice2, int choice3, struct gameState *state) 
        -:  232:{	
        -:  233:  int card;
    #####:  234:  int coin_bonus = 0; 		//tracks coins gain from actions
        -:  235:
        -:  236:  //check if it is the right phase
    #####:  237:  if (state->phase != 0)
        -:  238:    {
    #####:  239:      return -1;
        -:  240:    }
        -:  241:	
        -:  242:  //check if player has enough actions
    #####:  243:  if ( state->numActions < 1 )
        -:  244:    {
    #####:  245:      return -1;
        -:  246:    }
        -:  247:	
        -:  248:  //get card played
    #####:  249:  card = handCard(handPos, state);
        -:  250:	
        -:  251:  //check if selected card is an action
    #####:  252:  if ( card < adventurer || card > treasure_map )
        -:  253:    {
    #####:  254:      return -1;
        -:  255:    }
        -:  256:	
        -:  257:  //play card
    #####:  258:  if ( cardEffect(card, choice1, choice2, choice3, state, handPos, &coin_bonus) < 0 )
        -:  259:    {
    #####:  260:      return -1;
        -:  261:    }
        -:  262:	
        -:  263:  //reduce number of actions
    #####:  264:  state->numActions--;
        -:  265:
        -:  266:  //update coins (Treasure cards may be added with card draws)
    #####:  267:  updateCoins(state->whoseTurn, state, coin_bonus);
        -:  268:	
    #####:  269:  return 0;
        -:  270:}
        -:  271:
    #####:  272:int buyCard(int supplyPos, struct gameState *state) {
        -:  273:  int who;
        -:  274:  if (DEBUG){
        -:  275:    printf("Entering buyCard...\n");
        -:  276:  }
        -:  277:
        -:  278:  // I don't know what to do about the phase thing.
        -:  279:
    #####:  280:  who = state->whoseTurn;
        -:  281:
    #####:  282:  if (state->numBuys < 1){
        -:  283:    if (DEBUG)
        -:  284:      printf("You do not have any buys left\n");
    #####:  285:    return -1;
    #####:  286:  } else if (supplyCount(supplyPos, state) <1){
        -:  287:    if (DEBUG)
        -:  288:      printf("There are not any of that type of card left\n");
    #####:  289:    return -1;
    #####:  290:  } else if (state->coins < getCost(supplyPos)){
        -:  291:    if (DEBUG) 
        -:  292:      printf("You do not have enough money to buy that. You have %d coins.\n", state->coins);
    #####:  293:    return -1;
        -:  294:  } else {
    #####:  295:    state->phase=1;
        -:  296:    //state->supplyCount[supplyPos]--;
    #####:  297:    gainCard(supplyPos, state, 0, who); //card goes in discard, this might be wrong.. (2 means goes into hand, 0 goes into discard)
        -:  298:  
    #####:  299:    state->coins = (state->coins) - (getCost(supplyPos));
    #####:  300:    state->numBuys--;
        -:  301:    if (DEBUG)
        -:  302:      printf("You bought card number %d for %d coins. You now have %d buys and %d coins.\n", supplyPos, getCost(supplyPos), state->numBuys, state->coins);
        -:  303:  }
        -:  304:
        -:  305:  //state->discard[who][state->discardCount[who]] = supplyPos;
        -:  306:  //state->discardCount[who]++;
        -:  307:    
    #####:  308:  return 0;
        -:  309:}
        -:  310:
    #####:  311:int numHandCards(struct gameState *state) {
    #####:  312:  return state->handCount[ whoseTurn(state) ];
        -:  313:}
        -:  314:
    #####:  315:int handCard(int handPos, struct gameState *state) {
    #####:  316:  int currentPlayer = whoseTurn(state);
    #####:  317:  return state->hand[currentPlayer][handPos];
        -:  318:}
        -:  319:
    #####:  320:int supplyCount(int card, struct gameState *state) {
    #####:  321:  return state->supplyCount[card];
        -:  322:}
        -:  323:
    #####:  324:int fullDeckCount(int player, int card, struct gameState *state) {
        -:  325:  int i;
    #####:  326:  int count = 0;
        -:  327:
    #####:  328:  for (i = 0; i < state->deckCount[player]; i++)
        -:  329:    {
    #####:  330:      if (state->deck[player][i] == card) count++;
        -:  331:    }
        -:  332:
    #####:  333:  for (i = 0; i < state->handCount[player]; i++)
        -:  334:    {
    #####:  335:      if (state->hand[player][i] == card) count++;
        -:  336:    }
        -:  337:
    #####:  338:  for (i = 0; i < state->discardCount[player]; i++)
        -:  339:    {
    #####:  340:      if (state->discard[player][i] == card) count++;
        -:  341:    }
        -:  342:
    #####:  343:  return count;
        -:  344:}
        -:  345:
      100:  346:int whoseTurn(struct gameState *state) {
      100:  347:  return state->whoseTurn;
        -:  348:}
        -:  349:
    #####:  350:int endTurn(struct gameState *state) {
        -:  351:  int k;
        -:  352:  int i;
    #####:  353:  int currentPlayer = whoseTurn(state);
        -:  354:  
        -:  355:  //Discard hand
    #####:  356:  for (i = 0; i < state->handCount[currentPlayer]; i++){
    #####:  357:    state->discard[currentPlayer][state->discardCount[currentPlayer]++] = state->hand[currentPlayer][i];//Discard
    #####:  358:    state->hand[currentPlayer][i] = -1;//Set card to -1
        -:  359:  }
    #####:  360:  state->handCount[currentPlayer] = 0;//Reset hand count
        -:  361:    
        -:  362:  //Code for determining the player
    #####:  363:  if (currentPlayer < (state->numPlayers - 1)){ 
    #####:  364:    state->whoseTurn = currentPlayer + 1;//Still safe to increment
        -:  365:  }
        -:  366:  else{
    #####:  367:    state->whoseTurn = 0;//Max player has been reached, loop back around to player 1
        -:  368:  }
        -:  369:
    #####:  370:  state->outpostPlayed = 0;
    #####:  371:  state->phase = 0;
    #####:  372:  state->numActions = 1;
    #####:  373:  state->coins = 0;
    #####:  374:  state->numBuys = 1;
    #####:  375:  state->playedCardCount = 0;
    #####:  376:  state->handCount[state->whoseTurn] = 0;
        -:  377:
        -:  378:  //int k; move to top
        -:  379:  //Next player draws hand
    #####:  380:  for (k = 0; k < 5; k++){
    #####:  381:    drawCard(state->whoseTurn, state);//Draw a card
        -:  382:  }
        -:  383:
        -:  384:  //Update money
    #####:  385:  updateCoins(state->whoseTurn, state , 0);
        -:  386:
    #####:  387:  return 0;
        -:  388:}
        -:  389:
    #####:  390:int isGameOver(struct gameState *state) {
        -:  391:  int i;
        -:  392:  int j;
        -:  393:	
        -:  394:  //if stack of Province cards is empty, the game ends
    #####:  395:  if (state->supplyCount[province] == 0)
        -:  396:    {
    #####:  397:      return 1;
        -:  398:    }
        -:  399:
        -:  400:  //if three supply pile are at 0, the game ends
    #####:  401:  j = 0;
    #####:  402:  for (i = 0; i < 25; i++)
        -:  403:    {
    #####:  404:      if (state->supplyCount[i] == 0)
        -:  405:	{
    #####:  406:	  j++;
        -:  407:	}
        -:  408:    }
    #####:  409:  if ( j >= 3)
        -:  410:    {
    #####:  411:      return 1;
        -:  412:    }
        -:  413:
    #####:  414:  return 0;
        -:  415:}
        -:  416:
    #####:  417:int scoreFor (int player, struct gameState *state) {
        -:  418:
        -:  419:  int i;
    #####:  420:  int score = 0;
        -:  421:  //score from hand
    #####:  422:  for (i = 0; i < state->handCount[player]; i++)
        -:  423:    {
    #####:  424:      if (state->hand[player][i] == curse) { score = score - 1; };
    #####:  425:      if (state->hand[player][i] == estate) { score = score + 1; };
    #####:  426:      if (state->hand[player][i] == duchy) { score = score + 3; };
    #####:  427:      if (state->hand[player][i] == province) { score = score + 6; };
    #####:  428:      if (state->hand[player][i] == great_hall) { score = score + 1; };
    #####:  429:      if (state->hand[player][i] == gardens) { score = score + ( fullDeckCount(player, 0, state) / 10 ); };
        -:  430:    }
        -:  431:
        -:  432:  //score from discard
    #####:  433:  for (i = 0; i < state->discardCount[player]; i++)
        -:  434:    {
    #####:  435:      if (state->discard[player][i] == curse) { score = score - 1; };
    #####:  436:      if (state->discard[player][i] == estate) { score = score + 1; };
    #####:  437:      if (state->discard[player][i] == duchy) { score = score + 3; };
    #####:  438:      if (state->discard[player][i] == province) { score = score + 6; };
    #####:  439:      if (state->discard[player][i] == great_hall) { score = score + 1; };
    #####:  440:      if (state->discard[player][i] == gardens) { score = score + ( fullDeckCount(player, 0, state) / 10 ); };
        -:  441:    }
        -:  442:
        -:  443:  //score from deck
    #####:  444:  for (i = 0; i < state->discardCount[player]; i++)
        -:  445:    {
    #####:  446:      if (state->deck[player][i] == curse) { score = score - 1; };
    #####:  447:      if (state->deck[player][i] == estate) { score = score + 1; };
    #####:  448:      if (state->deck[player][i] == duchy) { score = score + 3; };
    #####:  449:      if (state->deck[player][i] == province) { score = score + 6; };
    #####:  450:      if (state->deck[player][i] == great_hall) { score = score + 1; };
    #####:  451:      if (state->deck[player][i] == gardens) { score = score + ( fullDeckCount(player, 0, state) / 10 ); };
        -:  452:    }
        -:  453:
    #####:  454:  return score;
        -:  455:}
        -:  456:
    #####:  457:int getWinners(int players[MAX_PLAYERS], struct gameState *state) {
        -:  458:  int i;	
        -:  459:  int j;
        -:  460:  int highScore;
        -:  461:  int currentPlayer;
        -:  462:
        -:  463:  //get score for each player
    #####:  464:  for (i = 0; i < MAX_PLAYERS; i++)
        -:  465:    {
        -:  466:      //set unused player scores to -9999
    #####:  467:      if (i >= state->numPlayers)
        -:  468:	{
    #####:  469:	  players[i] = -9999;
        -:  470:	}
        -:  471:      else
        -:  472:	{
    #####:  473:	  players[i] = scoreFor (i, state);
        -:  474:	}
        -:  475:    }
        -:  476:
        -:  477:  //find highest score
    #####:  478:  j = 0;
    #####:  479:  for (i = 0; i < MAX_PLAYERS; i++)
        -:  480:    {
    #####:  481:      if (players[i] > players[j])
        -:  482:	{
    #####:  483:	  j = i;
        -:  484:	}
        -:  485:    }
    #####:  486:  highScore = players[j];
        -:  487:
        -:  488:  //add 1 to players who had less turns
    #####:  489:  currentPlayer = whoseTurn(state);
    #####:  490:  for (i = 0; i < MAX_PLAYERS; i++)
        -:  491:    {
    #####:  492:      if ( players[i] == highScore && i > currentPlayer )
        -:  493:	{
    #####:  494:	  players[i]++;
        -:  495:	}
        -:  496:    }
        -:  497:
        -:  498:  //find new highest score
    #####:  499:  j = 0;
    #####:  500:  for (i = 0; i < MAX_PLAYERS; i++)
        -:  501:    {
    #####:  502:      if ( players[i] > players[j] )
        -:  503:	{
    #####:  504:	  j = i;
        -:  505:	}
        -:  506:    }
    #####:  507:  highScore = players[j];
        -:  508:
        -:  509:  //set winners in array to 1 and rest to 0
    #####:  510:  for (i = 0; i < MAX_PLAYERS; i++)
        -:  511:    {
    #####:  512:      if ( players[i] == highScore )
        -:  513:	{
    #####:  514:	  players[i] = 1;
        -:  515:	}
        -:  516:      else
        -:  517:	{
    #####:  518:	  players[i] = 0;
        -:  519:	}
        -:  520:    }
        -:  521:
    #####:  522:  return 0;
        -:  523:}
        -:  524:
     1305:  525:int drawCard(int player, struct gameState *state)
        -:  526:{	int count;
        -:  527:  int deckCounter;
     1305:  528:  if (state->deckCount[player] <= 0){//Deck is empty
        -:  529:    
        -:  530:    //Step 1 Shuffle the discard pile back into a deck
        -:  531:    int i;
        -:  532:    //Move discard to deck
      485:  533:    for (i = 0; i < state->discardCount[player];i++){
    #####:  534:      state->deck[player][i] = state->discard[player][i];
    #####:  535:      state->discard[player][i] = -1;
        -:  536:    }
        -:  537:
      485:  538:    state->deckCount[player] = state->discardCount[player];
      485:  539:    state->discardCount[player] = 0;//Reset discard
        -:  540:
        -:  541:    //Shufffle the deck
      485:  542:    shuffle(player, state);//Shuffle the deck up and make it so that we can draw
        -:  543:   
        -:  544:    if (DEBUG){//Debug statements
        -:  545:      printf("Deck count now: %d\n", state->deckCount[player]);
        -:  546:    }
        -:  547:    
      485:  548:    state->discardCount[player] = 0;
        -:  549:
        -:  550:    //Step 2 Draw Card
      485:  551:    count = state->handCount[player];//Get current player's hand count
        -:  552:    
        -:  553:    if (DEBUG){//Debug statements
        -:  554:      printf("Current hand count: %d\n", count);
        -:  555:    }
        -:  556:    
      485:  557:    deckCounter = state->deckCount[player];//Create a holder for the deck count
        -:  558:
      485:  559:    if (deckCounter == 0)
      485:  560:      return -1;
        -:  561:
    #####:  562:    state->hand[player][count] = state->deck[player][deckCounter - 1];//Add card to hand
    #####:  563:    state->deckCount[player]--;
    #####:  564:    state->handCount[player]++;//Increment hand count
        -:  565:  }
        -:  566:
        -:  567:  else{
      820:  568:    int count = state->handCount[player];//Get current hand count for player
        -:  569:    int deckCounter;
        -:  570:    if (DEBUG){//Debug statements
        -:  571:      printf("Current hand count: %d\n", count);
        -:  572:    }
        -:  573:
      820:  574:    deckCounter = state->deckCount[player];//Create holder for the deck count
      820:  575:    state->hand[player][count] = state->deck[player][deckCounter - 1];//Add card to the hand
      820:  576:    state->deckCount[player]--;
      820:  577:    state->handCount[player]++;//Increment hand count
        -:  578:  }
        -:  579:
      820:  580:  return 0;
        -:  581:}
        -:  582:
    #####:  583:int getCost(int cardNumber)
        -:  584:{
    #####:  585:  switch( cardNumber ) 
        -:  586:    {
        -:  587:    case curse:
    #####:  588:      return 0;
        -:  589:    case estate:
    #####:  590:      return 2;
        -:  591:    case duchy:
    #####:  592:      return 5;
        -:  593:    case province:
    #####:  594:      return 8;
        -:  595:    case copper:
    #####:  596:      return 0;
        -:  597:    case silver:
    #####:  598:      return 3;
        -:  599:    case gold:
    #####:  600:      return 6;
        -:  601:    case adventurer:
    #####:  602:      return 6;
        -:  603:    case council_room:
    #####:  604:      return 5;
        -:  605:    case feast:
    #####:  606:      return 4;
        -:  607:    case gardens:
    #####:  608:      return 4;
        -:  609:    case mine:
    #####:  610:      return 5;
        -:  611:    case remodel:
    #####:  612:      return 4;
        -:  613:    case smithy:
    #####:  614:      return 4;
        -:  615:    case village:
    #####:  616:      return 3;
        -:  617:    case baron:
    #####:  618:      return 4;
        -:  619:    case great_hall:
    #####:  620:      return 3;
        -:  621:    case minion:
    #####:  622:      return 5;
        -:  623:    case steward:
    #####:  624:      return 3;
        -:  625:    case tribute:
    #####:  626:      return 5;
        -:  627:    case ambassador:
    #####:  628:      return 3;
        -:  629:    case cutpurse:
    #####:  630:      return 4;
        -:  631:    case embargo: 
    #####:  632:      return 2;
        -:  633:    case outpost:
    #####:  634:      return 5;
        -:  635:    case salvager:
    #####:  636:      return 4;
        -:  637:    case sea_hag:
    #####:  638:      return 4;
        -:  639:    case treasure_map:
    #####:  640:      return 4;
        -:  641:    }
        -:  642:	
    #####:  643:  return -1;
        -:  644:}
        -:  645:
      100:  646:int cardEffect(int card, int choice1, int choice2, int choice3, struct gameState *state, int handPos, int *bonus)
        -:  647:{
        -:  648:  int i;
        -:  649:  int j;
        -:  650:  int k;
        -:  651:  int x;
        -:  652:  int index;
      100:  653:  int currentPlayer = whoseTurn(state);
      100:  654:  int nextPlayer = currentPlayer + 1;
        -:  655:
      100:  656:  int tributeRevealedCards[2] = {-1, -1};
        -:  657:  int temphand[MAX_HAND];// moved above the if statement
      100:  658:  int drawntreasure=0;
        -:  659:  int cardDrawn;
      100:  660:  int z = 0;// this is the counter for the temp hand
      100:  661:  if (nextPlayer > (state->numPlayers - 1)){
    #####:  662:    nextPlayer = 0;
        -:  663:  }
        -:  664:  
        -:  665:	
        -:  666:  //uses switch to select card and perform actions
      100:  667:  switch( card ) 
        -:  668:    {
        -:  669:    case adventurer:
    #####:  670:		return adventurerCard(z, currentPlayer, state, drawntreasure, cardDrawn);
        -:  671:
        -:  672:	case council_room:
    #####:  673:		return council_room_Card(currentPlayer, state, handPos);
        -:  674:
        -:  675:    case feast:
    #####:  676:		return feastCard(state, currentPlayer, *temphand, choice1);
        -:  677:    case gardens:
    #####:  678:		return -1;
        -:  679:			
        -:  680:    case mine:
    #####:  681:		return mineCard(state, currentPlayer, choice1, choice2, handPos);
        -:  682:
        -:  683:    case remodel:
    #####:  684:		return remodelCard(state, currentPlayer, choice1, choice2, handPos);
        -:  685:
        -:  686:    case smithy:
        -:  687:      //+3 Cards
      400:  688:      for (i = 0; i < 3; i++)
        -:  689:	{
      300:  690:	  drawCard(currentPlayer, state);
        -:  691:	}
        -:  692:			
        -:  693:      //discard card from hand
      100:  694:      discardCard(handPos, currentPlayer, state, 0);
      100:  695:      return 0;
        -:  696:		
        -:  697:    case village:
        -:  698:      //+1 Card
    #####:  699:      drawCard(currentPlayer, state);
        -:  700:			
        -:  701:      //+2 Actions
    #####:  702:      state->numActions = state->numActions + 2;
        -:  703:			
        -:  704:      //discard played card from hand
    #####:  705:      discardCard(handPos, currentPlayer, state, 0);
    #####:  706:      return 0;
        -:  707:		
        -:  708:    case baron:
    #####:  709:      state->numBuys++;//Increase buys by 1!
    #####:  710:      if (choice1 > 0){//Boolean true or going to discard an estate
    #####:  711:	int p = 0;//Iterator for hand!
    #####:  712:	int card_not_discarded = 1;//Flag for discard set!
    #####:  713:	while(card_not_discarded){
    #####:  714:	  if (state->hand[currentPlayer][p] == estate){//Found an estate card!
    #####:  715:	    state->coins += 4;//Add 4 coins to the amount of coins
    #####:  716:	    state->discard[currentPlayer][state->discardCount[currentPlayer]] = state->hand[currentPlayer][p];
    #####:  717:	    state->discardCount[currentPlayer]++;
    #####:  718:	    for (;p < state->handCount[currentPlayer]; p++){
    #####:  719:	      state->hand[currentPlayer][p] = state->hand[currentPlayer][p+1];
        -:  720:	    }
    #####:  721:	    state->hand[currentPlayer][state->handCount[currentPlayer]] = -1;
    #####:  722:	    state->handCount[currentPlayer]--;
    #####:  723:	    card_not_discarded = 0;//Exit the loop
        -:  724:	  }
    #####:  725:	  else if (p > state->handCount[currentPlayer]){
        -:  726:	    if(DEBUG) {
        -:  727:	      printf("No estate cards in your hand, invalid choice\n");
        -:  728:	      printf("Must gain an estate if there are any\n");
        -:  729:	    }
    #####:  730:	    if (supplyCount(estate, state) > 0){
    #####:  731:	      gainCard(estate, state, 0, currentPlayer);
    #####:  732:	      state->supplyCount[estate]--;//Decrement estates
    #####:  733:	      if (supplyCount(estate, state) == 0){
    #####:  734:		isGameOver(state);
        -:  735:	      }
        -:  736:	    }
    #####:  737:	    card_not_discarded = 0;//Exit the loop
        -:  738:	  }
        -:  739:			    
        -:  740:	  else{
    #####:  741:	    p++;//Next card
        -:  742:	  }
        -:  743:	}
        -:  744:      }
        -:  745:			    
        -:  746:      else{
    #####:  747:	if (supplyCount(estate, state) > 0){
    #####:  748:	  gainCard(estate, state, 0, currentPlayer);//Gain an estate
    #####:  749:	  state->supplyCount[estate]--;//Decrement Estates
    #####:  750:	  if (supplyCount(estate, state) == 0){
    #####:  751:	    isGameOver(state);
        -:  752:	  }
        -:  753:	}
        -:  754:      }
        -:  755:	    
        -:  756:      
    #####:  757:      return 0;
        -:  758:		
        -:  759:    case great_hall:
        -:  760:      //+1 Card
    #####:  761:      drawCard(currentPlayer, state);
        -:  762:			
        -:  763:      //+1 Actions
    #####:  764:      state->numActions++;
        -:  765:			
        -:  766:      //discard card from hand
    #####:  767:      discardCard(handPos, currentPlayer, state, 0);
    #####:  768:      return 0;
        -:  769:		
        -:  770:    case minion:
        -:  771:      //+1 action
    #####:  772:      state->numActions++;
        -:  773:			
        -:  774:      //discard card from hand
    #####:  775:      discardCard(handPos, currentPlayer, state, 0);
        -:  776:			
    #####:  777:      if (choice1)		//+2 coins
        -:  778:	{
    #####:  779:	  state->coins = state->coins + 2;
        -:  780:	}
        -:  781:			
    #####:  782:      else if (choice2)		//discard hand, redraw 4, other players with 5+ cards discard hand and draw 4
        -:  783:	{
        -:  784:	  //discard hand
    #####:  785:	  while(numHandCards(state) > 0)
        -:  786:	    {
    #####:  787:	      discardCard(handPos, currentPlayer, state, 0);
        -:  788:	    }
        -:  789:				
        -:  790:	  //draw 4
    #####:  791:	  for (i = 0; i < 4; i++)
        -:  792:	    {
    #####:  793:	      drawCard(currentPlayer, state);
        -:  794:	    }
        -:  795:				
        -:  796:	  //other players discard hand and redraw if hand size > 4
    #####:  797:	  for (i = 0; i < state->numPlayers; i++)
        -:  798:	    {
    #####:  799:	      if (i != currentPlayer)
        -:  800:		{
    #####:  801:		  if ( state->handCount[i] > 4 )
        -:  802:		    {
        -:  803:		      //discard hand
    #####:  804:		      while( state->handCount[i] > 0 )
        -:  805:			{
    #####:  806:			  discardCard(handPos, i, state, 0);
        -:  807:			}
        -:  808:							
        -:  809:		      //draw 4
    #####:  810:		      for (j = 0; j < 4; j++)
        -:  811:			{
    #####:  812:			  drawCard(i, state);
        -:  813:			}
        -:  814:		    }
        -:  815:		}
        -:  816:	    }
        -:  817:				
        -:  818:	}
    #####:  819:      return 0;
        -:  820:		
        -:  821:    case steward:
    #####:  822:      if (choice1 == 1)
        -:  823:	{
        -:  824:	  //+2 cards
    #####:  825:	  drawCard(currentPlayer, state);
    #####:  826:	  drawCard(currentPlayer, state);
        -:  827:	}
    #####:  828:      else if (choice1 == 2)
        -:  829:	{
        -:  830:	  //+2 coins
    #####:  831:	  state->coins = state->coins + 2;
        -:  832:	}
        -:  833:      else
        -:  834:	{
        -:  835:	  //trash 2 cards in hand
    #####:  836:	  discardCard(choice2, currentPlayer, state, 1);
    #####:  837:	  discardCard(choice3, currentPlayer, state, 1);
        -:  838:	}
        -:  839:			
        -:  840:      //discard card from hand
    #####:  841:      discardCard(handPos, currentPlayer, state, 0);
    #####:  842:      return 0;
        -:  843:		
        -:  844:    case tribute:
    #####:  845:      if ((state->discardCount[nextPlayer] + state->deckCount[nextPlayer]) <= 1){
    #####:  846:	if (state->deckCount[nextPlayer] > 0){
    #####:  847:	  tributeRevealedCards[0] = state->deck[nextPlayer][state->deckCount[nextPlayer]-1];
    #####:  848:	  state->deckCount[nextPlayer]--;
        -:  849:	}
    #####:  850:	else if (state->discardCount[nextPlayer] > 0){
    #####:  851:	  tributeRevealedCards[0] = state->discard[nextPlayer][state->discardCount[nextPlayer]-1];
    #####:  852:	  state->discardCount[nextPlayer]--;
        -:  853:	}
        -:  854:	else{
        -:  855:	  //No Card to Reveal
        -:  856:	  if (DEBUG){
        -:  857:	    printf("No cards to reveal\n");
        -:  858:	  }
        -:  859:	}
        -:  860:      }
        -:  861:	    
        -:  862:      else{
    #####:  863:	if (state->deckCount[nextPlayer] == 0){
    #####:  864:	  for (i = 0; i < state->discardCount[nextPlayer]; i++){
    #####:  865:	    state->deck[nextPlayer][i] = state->discard[nextPlayer][i];//Move to deck
    #####:  866:	    state->deckCount[nextPlayer]++;
    #####:  867:	    state->discard[nextPlayer][i] = -1;
    #####:  868:	    state->discardCount[nextPlayer]--;
        -:  869:	  }
        -:  870:			    
    #####:  871:	  shuffle(nextPlayer,state);//Shuffle the deck
        -:  872:	} 
    #####:  873:	tributeRevealedCards[0] = state->deck[nextPlayer][state->deckCount[nextPlayer]-1];
    #####:  874:	state->deck[nextPlayer][state->deckCount[nextPlayer]--] = -1;
    #####:  875:	state->deckCount[nextPlayer]--;
    #####:  876:	tributeRevealedCards[1] = state->deck[nextPlayer][state->deckCount[nextPlayer]-1];
    #####:  877:	state->deck[nextPlayer][state->deckCount[nextPlayer]--] = -1;
    #####:  878:	state->deckCount[nextPlayer]--;
        -:  879:      }    
        -:  880:		       
    #####:  881:      if (tributeRevealedCards[0] == tributeRevealedCards[1]){//If we have a duplicate card, just drop one 
    #####:  882:	state->playedCards[state->playedCardCount] = tributeRevealedCards[1];
    #####:  883:	state->playedCardCount++;
    #####:  884:	tributeRevealedCards[1] = -1;
        -:  885:      }
        -:  886:
    #####:  887:      for (i = 0; i <= 2; i ++){
    #####:  888:	if (tributeRevealedCards[i] == copper || tributeRevealedCards[i] == silver || tributeRevealedCards[i] == gold){//Treasure cards
    #####:  889:	  state->coins += 2;
        -:  890:	}
        -:  891:		    
    #####:  892:	else if (tributeRevealedCards[i] == estate || tributeRevealedCards[i] == duchy || tributeRevealedCards[i] == province || tributeRevealedCards[i] == gardens || tributeRevealedCards[i] == great_hall){//Victory Card Found
    #####:  893:	  drawCard(currentPlayer, state);
    #####:  894:	  drawCard(currentPlayer, state);
        -:  895:	}
        -:  896:	else{//Action Card
    #####:  897:	  state->numActions = state->numActions + 2;
        -:  898:	}
        -:  899:      }
        -:  900:	    
    #####:  901:      return 0;
        -:  902:		
        -:  903:    case ambassador:
    #####:  904:      j = 0;		//used to check if player has enough cards to discard
        -:  905:
    #####:  906:      if (choice2 > 2 || choice2 < 0)
        -:  907:	{
    #####:  908:	  return -1;				
        -:  909:	}
        -:  910:
    #####:  911:      if (choice1 == handPos)
        -:  912:	{
    #####:  913:	  return -1;
        -:  914:	}
        -:  915:
    #####:  916:      for (i = 0; i < state->handCount[currentPlayer]; i++)
        -:  917:	{
    #####:  918:	  if (i != handPos && i == state->hand[currentPlayer][choice1] && i != choice1)
        -:  919:	    {
    #####:  920:	      j++;
        -:  921:	    }
        -:  922:	}
    #####:  923:      if (j < choice2)
        -:  924:	{
    #####:  925:	  return -1;				
        -:  926:	}
        -:  927:
        -:  928:      if (DEBUG) 
        -:  929:	printf("Player %d reveals card number: %d\n", currentPlayer, state->hand[currentPlayer][choice1]);
        -:  930:
        -:  931:      //increase supply count for choosen card by amount being discarded
    #####:  932:      state->supplyCount[state->hand[currentPlayer][choice1]] += choice2;
        -:  933:			
        -:  934:      //each other player gains a copy of revealed card
    #####:  935:      for (i = 0; i < state->numPlayers; i++)
        -:  936:	{
    #####:  937:	  if (i != currentPlayer)
        -:  938:	    {
    #####:  939:	      gainCard(state->hand[currentPlayer][choice1], state, 0, i);
        -:  940:	    }
        -:  941:	}
        -:  942:
        -:  943:      //discard played card from hand
    #####:  944:      discardCard(handPos, currentPlayer, state, 0);			
        -:  945:
        -:  946:      //trash copies of cards returned to supply
    #####:  947:      for (j = 0; j < choice2; j++)
        -:  948:	{
    #####:  949:	  for (i = 0; i < state->handCount[currentPlayer]; i++)
        -:  950:	    {
    #####:  951:	      if (state->hand[currentPlayer][i] == state->hand[currentPlayer][choice1])
        -:  952:		{
    #####:  953:		  discardCard(i, currentPlayer, state, 1);
    #####:  954:		  break;
        -:  955:		}
        -:  956:	    }
        -:  957:	}			
        -:  958:
    #####:  959:      return 0;
        -:  960:		
        -:  961:    case cutpurse:
        -:  962:
    #####:  963:      updateCoins(currentPlayer, state, 2);
    #####:  964:      for (i = 0; i < state->numPlayers; i++)
        -:  965:	{
    #####:  966:	  if (i != currentPlayer)
        -:  967:	    {
    #####:  968:	      for (j = 0; j < state->handCount[i]; j++)
        -:  969:		{
    #####:  970:		  if (state->hand[i][j] == copper)
        -:  971:		    {
    #####:  972:		      discardCard(j, i, state, 0);
    #####:  973:		      break;
        -:  974:		    }
    #####:  975:		  if (j == state->handCount[i])
        -:  976:		    {
    #####:  977:		      for (k = 0; k < state->handCount[i]; k++)
        -:  978:			{
        -:  979:			  if (DEBUG)
        -:  980:			    printf("Player %d reveals card number %d\n", i, state->hand[i][k]);
        -:  981:			}	
    #####:  982:		      break;
        -:  983:		    }		
        -:  984:		}
        -:  985:					
        -:  986:	    }
        -:  987:				
        -:  988:	}				
        -:  989:
        -:  990:      //discard played card from hand
    #####:  991:      discardCard(handPos, currentPlayer, state, 0);			
        -:  992:
    #####:  993:      return 0;
        -:  994:
        -:  995:		
        -:  996:    case embargo: 
        -:  997:      //+2 Coins
    #####:  998:      state->coins = state->coins + 2;
        -:  999:			
        -: 1000:      //see if selected pile is in play
    #####: 1001:      if ( state->supplyCount[choice1] == -1 )
        -: 1002:	{
    #####: 1003:	  return -1;
        -: 1004:	}
        -: 1005:			
        -: 1006:      //add embargo token to selected supply pile
    #####: 1007:      state->embargoTokens[choice1]++;
        -: 1008:			
        -: 1009:      //trash card
    #####: 1010:      discardCard(handPos, currentPlayer, state, 1);		
    #####: 1011:      return 0;
        -: 1012:		
        -: 1013:    case outpost:
        -: 1014:      //set outpost flag
    #####: 1015:      state->outpostPlayed++;
        -: 1016:			
        -: 1017:      //discard card
    #####: 1018:      discardCard(handPos, currentPlayer, state, 0);
    #####: 1019:      return 0;
        -: 1020:		
        -: 1021:    case salvager:
        -: 1022:      //+1 buy
    #####: 1023:      state->numBuys++;
        -: 1024:			
    #####: 1025:      if (choice1)
        -: 1026:	{
        -: 1027:	  //gain coins equal to trashed card
    #####: 1028:	  state->coins = state->coins + getCost( handCard(choice1, state) );
        -: 1029:	  //trash card
    #####: 1030:	  discardCard(choice1, currentPlayer, state, 1);	
        -: 1031:	}
        -: 1032:			
        -: 1033:      //discard card
    #####: 1034:      discardCard(handPos, currentPlayer, state, 0);
    #####: 1035:      return 0;
        -: 1036:		
        -: 1037:    case sea_hag:
    #####: 1038:      for (i = 0; i < state->numPlayers; i++){
    #####: 1039:	if (i != currentPlayer){
    #####: 1040:	  state->discard[i][state->discardCount[i]] = state->deck[i][state->deckCount[i]--];			    state->deckCount[i]--;
    #####: 1041:	  state->discardCount[i]++;
    #####: 1042:	  state->deck[i][state->deckCount[i]--] = curse;//Top card now a curse
        -: 1043:	}
        -: 1044:      }
    #####: 1045:      return 0;
        -: 1046:		
        -: 1047:    case treasure_map:
        -: 1048:      //search hand for another treasure_map
    #####: 1049:      index = -1;
    #####: 1050:      for (i = 0; i < state->handCount[currentPlayer]; i++)
        -: 1051:	{
    #####: 1052:	  if (state->hand[currentPlayer][i] == treasure_map && i != handPos)
        -: 1053:	    {
    #####: 1054:	      index = i;
    #####: 1055:	      break;
        -: 1056:	    }
        -: 1057:	}
    #####: 1058:      if (index > -1)
        -: 1059:	{
        -: 1060:	  //trash both treasure cards
    #####: 1061:	  discardCard(handPos, currentPlayer, state, 1);
    #####: 1062:	  discardCard(index, currentPlayer, state, 1);
        -: 1063:
        -: 1064:	  //gain 4 Gold cards
    #####: 1065:	  for (i = 0; i < 4; i++)
        -: 1066:	    {
    #####: 1067:	      gainCard(gold, state, 1, currentPlayer);
        -: 1068:	    }
        -: 1069:				
        -: 1070:	  //return success
    #####: 1071:	  return 1;
        -: 1072:	}
        -: 1073:			
        -: 1074:      //no second treasure_map found in hand
    #####: 1075:      return -1;
        -: 1076:    }
        -: 1077:	
    #####: 1078:  return -1;
        -: 1079:}
        -: 1080:
        -: 1081:/* REFACTORED CARDS */
      100: 1082:int adventurerCard(int z, int currentPlayer, struct gameState *state, int drawntreasure, int cardDrawn) {
        -: 1083:    int temphand[MAX_HAND];
      200: 1084:	while (drawntreasure < 2) {
    #####: 1085:		if (state->deckCount[currentPlayer] < 1) {//if the deck is empty we need to shuffle discard and add to deck
    #####: 1086:			shuffle(currentPlayer, state);
        -: 1087:		}
    #####: 1088:		drawCard(currentPlayer, state);
    #####: 1089:		cardDrawn = state->hand[currentPlayer][state->handCount[currentPlayer] - 1];//top card of hand is most recently drawn card.
    #####: 1090:		if (cardDrawn == copper || cardDrawn == silver || cardDrawn == gold)
    #####: 1091:			drawntreasure++;
        -: 1092:		else {
    #####: 1093:			temphand[z] = cardDrawn;
    #####: 1094:			state->handCount[currentPlayer]--; //this should just remove the top card (the most recently drawn one).
    #####: 1095:			z++;
        -: 1096:		}
        -: 1097:	}
      200: 1098:	while (z - 1 >= 0) {
    #####: 1099:		state->discard[currentPlayer][state->discardCount[currentPlayer]++] = temphand[z - 1]; // discard all cards in play that have been drawn
    #####: 1100:		z = z - 1;
        -: 1101:	}
      100: 1102:	return 0;
        -: 1103:}
        -: 1104:
      100: 1105:int council_room_Card(int currentPlayer, struct gameState *state, int handPos) {
        -: 1106:	int i;
        -: 1107:
        -: 1108:	//+4 Cards
      500: 1109:	for (i = 0; i < 4; i++)
        -: 1110:	{
      400: 1111:		drawCard(currentPlayer, state);
        -: 1112:	}
        -: 1113:
        -: 1114:	//+1 Buy
      100: 1115:	state->numBuys++;
        -: 1116:
        -: 1117:	//Each other player draws a card
      300: 1118:	for (i = 0; i < state->numPlayers; i++)
        -: 1119:	{
      200: 1120:		if (i != currentPlayer)
        -: 1121:		{
      100: 1122:			drawCard(i, state);
        -: 1123:		}
        -: 1124:	}
        -: 1125:
        -: 1126:	//put played card in played card pile
      100: 1127:	discardCard(handPos, currentPlayer, state, 0);
        -: 1128:
      100: 1129:	return 0;
        -: 1130:}
        -: 1131:
    #####: 1132:int feastCard (struct gameState *state, int currentPlayer, int *temphand, int choice1) {
        -: 1133:	int i, x;
        -: 1134:	//gain card with cost up to 5
        -: 1135:	//Backup hand
    #####: 1136:	for (i = 0; i <= state->handCount[currentPlayer]; i++) {
    #####: 1137:		temphand[i] = state->hand[currentPlayer][i];//Backup card
    #####: 1138:		state->hand[currentPlayer][i] = -1;//Set to nothing
        -: 1139:	}
        -: 1140:	//Backup hand
        -: 1141:
        -: 1142:	//Update Coins for Buy
    #####: 1143:	updateCoins(currentPlayer, state, 5);
    #####: 1144:	x = 1;//Condition to loop on
    #####: 1145:	while (x == 1) {//Buy one card
    #####: 1146:		if (supplyCount(choice1, state) <= 0) {
        -: 1147:			if (DEBUG)
        -: 1148:				printf("None of that card left, sorry!\n");
        -: 1149:
        -: 1150:			if (DEBUG) {
        -: 1151:				printf("Cards Left: %d\n", supplyCount(choice1, state));
        -: 1152:			}
        -: 1153:		}
    #####: 1154:		else if (state->coins < getCost(choice1)) {
    #####: 1155:			printf("That card is too expensive!\n");
        -: 1156:
        -: 1157:			if (DEBUG) {
        -: 1158:				printf("Coins: %d < %d\n", state->coins, getCost(choice1));
        -: 1159:			}
        -: 1160:		}
        -: 1161:		else {
        -: 1162:
        -: 1163:			if (DEBUG) {
        -: 1164:				printf("Deck Count: %d\n", state->handCount[currentPlayer] + state->deckCount[currentPlayer] + state->discardCount[currentPlayer]);
        -: 1165:			}
        -: 1166:
    #####: 1167:			gainCard(choice1, state, 0, currentPlayer);//Gain the card
    #####: 1168:			x = 0;//No more buying cards
        -: 1169:
        -: 1170:			if (DEBUG) {
        -: 1171:				printf("Deck Count: %d\n", state->handCount[currentPlayer] + state->deckCount[currentPlayer] + state->discardCount[currentPlayer]);
        -: 1172:			}
        -: 1173:
        -: 1174:		}
        -: 1175:	}
        -: 1176:
        -: 1177:	//Reset Hand
    #####: 1178:	for (i = 0; i <= state->handCount[currentPlayer]; i++) {
    #####: 1179:		state->hand[currentPlayer][i] = temphand[i];
    #####: 1180:		temphand[i] = -1;
        -: 1181:	}
        -: 1182:	//Reset Hand
        -: 1183:
    #####: 1184:	return 0;
        -: 1185:
        -: 1186:}
        -: 1187:    
    #####: 1188:int mineCard (struct gameState *state, int currentPlayer, int choice1, int choice2, int handPos) {
        -: 1189:	int i, j;
    #####: 1190:	j = state->hand[currentPlayer][choice1];  //store card we will trash
        -: 1191:
    #####: 1192:	if (state->hand[currentPlayer][choice1] < copper || state->hand[currentPlayer][choice1] > gold)
        -: 1193:	{
    #####: 1194:		return -1;
        -: 1195:	}
        -: 1196:
    #####: 1197:	if (choice2 > treasure_map || choice2 < curse)
        -: 1198:	{
    #####: 1199:		return -1;
        -: 1200:	}
        -: 1201:
    #####: 1202:	if ((getCost(state->hand[currentPlayer][choice1]) + 3) > getCost(choice2))
        -: 1203:	{
    #####: 1204:		return -1;
        -: 1205:	}
        -: 1206:
    #####: 1207:	gainCard(choice2, state, 2, currentPlayer);
        -: 1208:
        -: 1209:	//discard card from hand
    #####: 1210:	discardCard(handPos, currentPlayer, state, 0);
        -: 1211:
        -: 1212:	//discard trashed card
    #####: 1213:	for (i = 0; i < state->handCount[currentPlayer]; i++)
        -: 1214:	{
    #####: 1215:		if (state->hand[currentPlayer][i] == j)
        -: 1216:		{
    #####: 1217:			discardCard(i, currentPlayer, state, 0);
    #####: 1218:			break;
        -: 1219:		}
        -: 1220:	}
        -: 1221:
    #####: 1222:	return 0;
        -: 1223:
        -: 1224:}
        -: 1225:
    #####: 1226:int remodelCard (struct gameState *state, int currentPlayer, int choice1, int choice2, int handPos) {
        -: 1227:	int j, i;
    #####: 1228:	j = state->hand[currentPlayer][choice1];  //store card we will trash
        -: 1229:
    #####: 1230:	if ((getCost(state->hand[currentPlayer][choice1]) + 2) > getCost(choice2))
        -: 1231:	{
    #####: 1232:		return -1;
        -: 1233:	}
        -: 1234:
    #####: 1235:	gainCard(choice2, state, 0, currentPlayer);
        -: 1236:
        -: 1237:	//discard card from hand
    #####: 1238:	discardCard(handPos, currentPlayer, state, 0);
        -: 1239:
        -: 1240:	//discard trashed card
    #####: 1241:	for (i = 0; i < state->handCount[currentPlayer]; i++)
        -: 1242:	{
    #####: 1243:		if (state->hand[currentPlayer][i] == j)
        -: 1244:		{
    #####: 1245:			discardCard(i, currentPlayer, state, 0);
    #####: 1246:			break;
        -: 1247:		}
        -: 1248:	}
        -: 1249:
        -: 1250:
    #####: 1251:	return 0;
        -: 1252:
        -: 1253:}
        -: 1254:
        -: 1255:/* END REFACTORED CARDS */
        -: 1256:
      200: 1257:int discardCard(int handPos, int currentPlayer, struct gameState *state, int trashFlag)
        -: 1258:{
        -: 1259:	
        -: 1260:  //if card is not trashed, added to Played pile 
      200: 1261:  if (trashFlag < 1)
        -: 1262:    {
        -: 1263:      //add card to played pile
      200: 1264:      state->playedCards[state->playedCardCount] = state->hand[currentPlayer][handPos]; 
      200: 1265:      state->playedCardCount++;
        -: 1266:    }
        -: 1267:	
        -: 1268:  //set played card to -1
      200: 1269:  state->hand[currentPlayer][handPos] = -1;
        -: 1270:	
        -: 1271:  //remove card from player's hand
      200: 1272:  if ( handPos == (state->handCount[currentPlayer] - 1) ) 	//last card in hand array is played
        -: 1273:    {
        -: 1274:      //reduce number of cards in hand
        2: 1275:      state->handCount[currentPlayer]--;
        -: 1276:    }
      198: 1277:  else if ( state->handCount[currentPlayer] == 1 ) //only one card in hand
        -: 1278:    {
        -: 1279:      //reduce number of cards in hand
    #####: 1280:      state->handCount[currentPlayer]--;
        -: 1281:    }
        -: 1282:  else 	
        -: 1283:    {
        -: 1284:      //replace discarded card with last card in hand
      198: 1285:      state->hand[currentPlayer][handPos] = state->hand[currentPlayer][ (state->handCount[currentPlayer] - 1)];
        -: 1286:      //set last card to -1
      198: 1287:      state->hand[currentPlayer][state->handCount[currentPlayer] - 1] = -1;
        -: 1288:      //reduce number of cards in hand
      198: 1289:      state->handCount[currentPlayer]--;
        -: 1290:    }
        -: 1291:	
      200: 1292:  return 0;
        -: 1293:}
        -: 1294:
    #####: 1295:int gainCard(int supplyPos, struct gameState *state, int toFlag, int player)
        -: 1296:{
        -: 1297:  //Note: supplyPos is enum of choosen card
        -: 1298:	
        -: 1299:  //check if supply pile is empty (0) or card is not used in game (-1)
    #####: 1300:  if ( supplyCount(supplyPos, state) < 1 )
        -: 1301:    {
    #####: 1302:      return -1;
        -: 1303:    }
        -: 1304:	
        -: 1305:  //added card for [whoseTurn] current player:
        -: 1306:  // toFlag = 0 : add to discard
        -: 1307:  // toFlag = 1 : add to deck
        -: 1308:  // toFlag = 2 : add to hand
        -: 1309:
    #####: 1310:  if (toFlag == 1)
        -: 1311:    {
    #####: 1312:      state->deck[ player ][ state->deckCount[player] ] = supplyPos;
    #####: 1313:      state->deckCount[player]++;
        -: 1314:    }
    #####: 1315:  else if (toFlag == 2)
        -: 1316:    {
    #####: 1317:      state->hand[ player ][ state->handCount[player] ] = supplyPos;
    #####: 1318:      state->handCount[player]++;
        -: 1319:    }
        -: 1320:  else
        -: 1321:    {
    #####: 1322:      state->discard[player][ state->discardCount[player] ] = supplyPos;
    #####: 1323:      state->discardCount[player]++;
        -: 1324:    }
        -: 1325:	
        -: 1326:  //decrease number in supply pile
    #####: 1327:  state->supplyCount[supplyPos]--;
        -: 1328:	 
    #####: 1329:  return 0;
        -: 1330:}
        -: 1331:
      101: 1332:int updateCoins(int player, struct gameState *state, int bonus)
        -: 1333:{
        -: 1334:  int i;
        -: 1335:	
        -: 1336:  //reset coin count
      101: 1337:  state->coins = 0;
        -: 1338:
        -: 1339:  //add coins for each Treasure card in player's hand
      606: 1340:  for (i = 0; i < state->handCount[player]; i++)
        -: 1341:    {
      505: 1342:      if (state->hand[player][i] == copper)
        -: 1343:	{
      358: 1344:	  state->coins += 1;
        -: 1345:	}
      147: 1346:      else if (state->hand[player][i] == silver)
        -: 1347:	{
    #####: 1348:	  state->coins += 2;
        -: 1349:	}
      147: 1350:      else if (state->hand[player][i] == gold)
        -: 1351:	{
    #####: 1352:	  state->coins += 3;
        -: 1353:	}	
        -: 1354:    }	
        -: 1355:
        -: 1356:  //add bonus
      101: 1357:  state->coins += bonus;
        -: 1358:
      101: 1359:  return 0;
        -: 1360:}
        -: 1361:
        -: 1362:
        -: 1363://end of dominion.c
